2023-05-05 20:44:34,821 - SuiteBase - INFO - Param.properties file loaded successfully
2023-05-05 20:44:35,446 - TestBase - INFO - All excel files are initialized successfully
2023-05-05 20:48:22,573 - SuiteBase - INFO - Param.properties file loaded successfully
2023-05-05 20:48:23,001 - TestBase - INFO - All excel files are initialized successfully
2023-05-05 20:48:53,488 - SuiteBase - INFO - Param.properties file loaded successfully
2023-05-05 20:48:53,944 - TestBase - INFO - All excel files are initialized successfully
2023-05-05 20:51:09,927 - SuiteBase - INFO - Param.properties file loaded successfully
2023-05-05 20:51:10,376 - TestBase - INFO - All excel files are initialized successfully
2023-05-05 20:59:17,843 - SuiteBase - INFO - Param.properties file loaded successfully
2023-05-05 20:59:18,292 - TestBase - INFO - All excel files are initialized successfully
2023-05-05 21:35:09,294 - SuiteBase - INFO - Param.properties file loaded successfully
2023-05-05 21:35:09,710 - TestBase - INFO - All excel files are initialized successfully
2023-05-05 21:41:48,893 - SuiteBase - INFO - Param.properties file loaded successfully
2023-05-05 21:41:49,327 - TestBase - INFO - All excel files are initialized successfully
2023-05-05 21:45:47,958 - SuiteBase - INFO - Param.properties file loaded successfully
2023-05-05 21:45:48,503 - TestBase - INFO - All excel files are initialized successfully
2023-05-05 21:45:48,506 - TestBase - INFO - SuiteToRun = N for test hence skipping the execution
2023-05-05 21:46:32,687 - SuiteBase - INFO - Param.properties file loaded successfully
2023-05-05 21:46:33,168 - TestBase - INFO - All excel files are initialized successfully
2023-05-05 21:46:33,238 - SuiteBase - INFO - Param.properties file loaded successfully
2023-05-05 21:46:33,262 - Test1 - INFO - Test1 : Execution Started
2023-05-05 21:48:07,779 - SuiteBase - INFO - Param.properties file loaded successfully
2023-05-05 21:48:08,265 - TestBase - INFO - All excel files are initialized successfully
2023-05-05 21:48:08,321 - SuiteBase - INFO - Param.properties file loaded successfully
2023-05-05 21:48:08,336 - Test1 - INFO - Test1 : Execution Started
2023-05-05 21:48:51,648 - SuiteBase - INFO - Param.properties file loaded successfully
2023-05-05 21:48:52,063 - TestBase - INFO - All excel files are initialized successfully
2023-05-05 21:48:52,142 - SuiteBase - INFO - Param.properties file loaded successfully
2023-05-05 21:48:52,163 - Test1 - INFO - Test1 : Execution Started
2023-05-05 21:50:52,579 - SuiteBase - INFO - Param.properties file loaded successfully
2023-05-05 21:50:52,946 - TestBase - INFO - All excel files are initialized successfully
2023-05-05 21:50:53,014 - SuiteBase - INFO - Param.properties file loaded successfully
2023-05-05 21:50:53,033 - Test1 - INFO - Test1 : Execution Started
2023-05-05 21:50:53,118 - Test1 - INFO - Test case starts here
2023-05-05 21:50:53,138 - Test1 - INFO - Test1 :Reporting test data set line 1 as FAIL in excel.
2023-05-05 21:52:15,217 - SuiteBase - INFO - Param.properties file loaded successfully
2023-05-05 21:52:15,622 - TestBase - INFO - All excel files are initialized successfully
2023-05-05 21:52:15,679 - SuiteBase - INFO - Param.properties file loaded successfully
2023-05-05 21:52:15,698 - Test1 - INFO - Test1 : Execution Started
2023-05-05 21:52:15,796 - Test1 - INFO - Test case starts here
2023-05-05 21:52:15,815 - Test1 - INFO - Test1 :Reporting test data set line 1 as FAIL in excel.
2023-05-05 22:01:33,885 - SuiteBase - INFO - Param.properties file loaded successfully
2023-05-05 22:01:34,452 - TestBase - INFO - All excel files are initialized successfully
2023-05-05 22:01:34,525 - SuiteBase - INFO - Param.properties file loaded successfully
2023-05-05 22:01:34,557 - Test1 - INFO - Test1 : Execution Started
2023-05-05 22:01:34,683 - Test1 - INFO - Test case starts here
2023-05-05 22:01:34,704 - Test1 - INFO - Test1 :Reporting test data set line 1 as FAIL in excel.
2023-05-05 22:02:31,310 - SuiteBase - INFO - Param.properties file loaded successfully
2023-05-05 22:02:31,702 - TestBase - INFO - All excel files are initialized successfully
2023-05-05 22:02:31,761 - SuiteBase - INFO - Param.properties file loaded successfully
2023-05-05 22:02:31,784 - Test1 - INFO - Test1 : Execution Started
2023-05-05 22:02:31,876 - Test1 - INFO - Test case starts here
2023-05-05 22:02:31,931 - Test1 - INFO - Test1 :Reporting test data set line 1 as FAIL in excel.
2023-05-05 22:06:47,684 - SuiteBase - INFO - Param.properties file loaded successfully
2023-05-05 22:06:48,176 - TestBase - INFO - All excel files are initialized successfully
2023-05-05 22:06:48,229 - SuiteBase - INFO - Param.properties file loaded successfully
2023-05-05 22:06:48,259 - Test1 - INFO - Test1 : Execution Started
2023-05-05 22:06:48,363 - Test1 - INFO - Test case starts here
2023-05-05 22:06:48,380 - Test1 - INFO - Test1 :Reporting test data set line 1 as FAIL in excel.
2023-05-05 22:08:13,380 - SuiteBase - INFO - Param.properties file loaded successfully
2023-05-05 22:08:13,766 - TestBase - INFO - All excel files are initialized successfully
2023-05-05 22:08:13,825 - SuiteBase - INFO - Param.properties file loaded successfully
2023-05-05 22:08:13,841 - Test1 - INFO - Test1 : Execution Started
2023-05-05 22:08:13,956 - Test1 - INFO - Test case starts here
2023-05-05 22:08:13,984 - Test1 - INFO - Test1 :Reporting test data set line 1 as FAIL in excel.
2023-05-05 22:13:38,682 - SuiteBase - INFO - Param.properties file loaded successfully
2023-05-05 22:13:39,176 - TestBase - INFO - All excel files are initialized successfully
2023-05-05 22:13:39,180 - TestBase - INFO - SuiteToRun = N for test hence skipping the execution
2023-05-05 22:13:48,537 - SuiteBase - INFO - Param.properties file loaded successfully
2023-05-05 22:13:48,954 - GoogleBase - INFO - All excel files are initialized successfully
2023-05-05 22:13:49,020 - SuiteBase - INFO - Param.properties file loaded successfully
2023-05-05 22:13:49,045 - TSL_Google - INFO - TSL_Google : Execution Started
2023-05-05 22:13:49,142 - TSL_Google - INFO - Test case starts here
2023-05-05 22:13:49,157 - TSL_Google - INFO - TSL_Google :Reporting test data set line 1 as FAIL in excel.
2023-05-05 22:17:54,538 - SuiteBase - INFO - Param.properties file loaded successfully
2023-05-05 22:17:54,947 - GoogleBase - INFO - All excel files are initialized successfully
2023-05-05 22:17:54,999 - SuiteBase - INFO - Param.properties file loaded successfully
2023-05-05 22:17:55,015 - TSL_Google - INFO - TSL_Google : Execution Started
2023-05-05 22:17:55,113 - TSL_Google - INFO - Test case starts here
2023-05-05 22:17:55,132 - TSL_Google - INFO - TSL_Google :Reporting test data set line 1 as FAIL in excel.
2023-05-05 22:30:52,411 - SuiteBase - INFO - Param.properties file loaded successfully
2023-05-05 22:30:53,065 - GoogleBase - INFO - All excel files are initialized successfully
2023-05-05 22:30:53,123 - SuiteBase - INFO - Param.properties file loaded successfully
2023-05-05 22:30:53,143 - TSL_Google - INFO - TSL_Google : Execution Started
2023-05-05 22:30:53,229 - TSL_Google - INFO - Test case starts here
2023-05-05 22:30:53,247 - TSL_Google - INFO - TSL_Google :Reporting test data set line 1 as FAIL in excel.
